<?xml version="1.0" encoding="UTF-8"?>
<!-- Generated by org.testng.reporters.JUnitXMLReporter -->
<testsuite ignored="0" hostname="Sakteswars-MacBook-Air.local" failures="0" tests="2" name="Error Validation Test" time="22.923" errors="0" timestamp="2024-08-19T21:19:11 IST">
  <testcase classname="com.selenium.test.ErrorValidationTest" name="loginValidation" time="0.92"/>
  <testcase classname="com.selenium.test.ErrorValidationTest" name="productErrorValidation" time="9.283"/>
</testsuite> <!-- Error Validation Test -->
