<?xml version="1.0" encoding="UTF-8"?>
<!-- Generated by org.testng.reporters.JUnitXMLReporter -->
<testsuite ignored="0" hostname="Sakteswars-MacBook-Air.local" failures="0" tests="3" name="Submit Order Test" time="27.439" errors="0" timestamp="2024-08-19T21:34:22 IST">
  <testcase classname="com.selenium.test.SubmitOrderAppTest" name="submitOrder" time="5.149"/>
  <testcase classname="com.selenium.test.SubmitOrderAppTest" name="submitOrder" time="4.006"/>
  <testcase classname="com.selenium.test.SubmitOrderAppTest" name="orderHistory" time="1.302"/>
</testsuite> <!-- Submit Order Test -->
