<?xml version="1.0" encoding="UTF-8"?>
<testng-results ignored="0" total="3" passed="3" failed="0" skipped="0">
  <reporter-output>
  </reporter-output>
  <suite started-at="2024-08-19T21:33:50 IST" name="Suite" finished-at="2024-08-19T21:34:17 IST" duration-ms="27439">
    <groups>
      <group name="Purchase">
        <method signature="SubmitOrderAppTest.submitOrder(java.util.HashMap)[pri:0, instance:com.selenium.test.SubmitOrderAppTest@5c1a8622]" name="submitOrder" class="com.selenium.test.SubmitOrderAppTest"/>
      </group> <!-- Purchase -->
    </groups>
    <test started-at="2024-08-19T21:33:50 IST" name="Submit Order Test" finished-at="2024-08-19T21:34:17 IST" duration-ms="27439">
      <class name="com.selenium.test.SubmitOrderAppTest">
        <test-method is-config="true" signature="launchApplication()[pri:0, instance:com.selenium.test.SubmitOrderAppTest@5c1a8622]" started-at="2024-08-19T21:33:50 IST" name="launchApplication" finished-at="2024-08-19T21:33:59 IST" duration-ms="8434" status="PASS">
          <reporter-output>
          </reporter-output>
        </test-method> <!-- launchApplication -->
        <test-method signature="submitOrder(java.util.HashMap)[pri:0, instance:com.selenium.test.SubmitOrderAppTest@5c1a8622]" started-at="2024-08-19T21:33:59 IST" name="submitOrder" data-provider="getData" finished-at="2024-08-19T21:34:04 IST" duration-ms="5149" status="PASS">
          <params>
            <param index="0">
              <value>
                <![CDATA[{userPassword=Welcome@01, userEmail=seleniumtest2024@gmail.com, productName=ZARA COAT 3}]]>
              </value>
            </param>
          </params>
          <reporter-output>
          </reporter-output>
        </test-method> <!-- submitOrder -->
        <test-method is-config="true" signature="tearDown()[pri:0, instance:com.selenium.test.SubmitOrderAppTest@5c1a8622]" started-at="2024-08-19T21:34:04 IST" name="tearDown" finished-at="2024-08-19T21:34:04 IST" duration-ms="234" status="PASS">
          <reporter-output>
          </reporter-output>
        </test-method> <!-- tearDown -->
        <test-method is-config="true" signature="launchApplication()[pri:0, instance:com.selenium.test.SubmitOrderAppTest@5c1a8622]" started-at="2024-08-19T21:34:04 IST" name="launchApplication" finished-at="2024-08-19T21:34:07 IST" duration-ms="3278" status="PASS">
          <reporter-output>
          </reporter-output>
        </test-method> <!-- launchApplication -->
        <test-method signature="submitOrder(java.util.HashMap)[pri:0, instance:com.selenium.test.SubmitOrderAppTest@5c1a8622]" started-at="2024-08-19T21:34:07 IST" name="submitOrder" data-provider="getData" finished-at="2024-08-19T21:34:11 IST" duration-ms="4006" status="PASS">
          <params>
            <param index="0">
              <value>
                <![CDATA[{userPassword=Test@01, userEmail=shakti@gmail.com, productName=IPHONE 13 PRO}]]>
              </value>
            </param>
          </params>
          <reporter-output>
          </reporter-output>
        </test-method> <!-- submitOrder -->
        <test-method is-config="true" signature="tearDown()[pri:0, instance:com.selenium.test.SubmitOrderAppTest@5c1a8622]" started-at="2024-08-19T21:34:11 IST" name="tearDown" finished-at="2024-08-19T21:34:11 IST" duration-ms="158" status="PASS">
          <reporter-output>
          </reporter-output>
        </test-method> <!-- tearDown -->
        <test-method is-config="true" signature="launchApplication()[pri:0, instance:com.selenium.test.SubmitOrderAppTest@5c1a8622]" started-at="2024-08-19T21:34:11 IST" name="launchApplication" finished-at="2024-08-19T21:34:15 IST" duration-ms="3951" status="PASS">
          <reporter-output>
          </reporter-output>
        </test-method> <!-- launchApplication -->
        <test-method signature="orderHistory()[pri:0, instance:com.selenium.test.SubmitOrderAppTest@5c1a8622]" started-at="2024-08-19T21:34:15 IST" name="orderHistory" finished-at="2024-08-19T21:34:17 IST" depends-on-methods="com.selenium.test.SubmitOrderAppTest.submitOrder" duration-ms="1302" status="PASS">
          <reporter-output>
          </reporter-output>
        </test-method> <!-- orderHistory -->
        <test-method is-config="true" signature="tearDown()[pri:0, instance:com.selenium.test.SubmitOrderAppTest@5c1a8622]" started-at="2024-08-19T21:34:17 IST" name="tearDown" finished-at="2024-08-19T21:34:17 IST" duration-ms="292" status="PASS">
          <reporter-output>
          </reporter-output>
        </test-method> <!-- tearDown -->
      </class> <!-- com.selenium.test.SubmitOrderAppTest -->
    </test> <!-- Submit Order Test -->
  </suite> <!-- Suite -->
</testng-results>
